<?xml version="1.0" encoding="UTF-8"?>
<!-- Generated by org.testng.reporters.JUnitReportReporter -->
<testsuite hostname="DESKTOP-88V4A8K" failures="0" tests="5" name="com.qa.opencart.tests.SearchResultPageTest" time="7.031" errors="0" timestamp="2023-06-03T17:59:51 IST" skipped="0">
  <testcase classname="com.qa.opencart.tests.SearchResultPageTest" name="myAccountPageTest" time="0.973"/>
  <system-out/>
  <testcase classname="com.qa.opencart.tests.SearchResultPageTest" name="getProductCountTest" time="1.693"/>
  <system-out/>
  <testcase classname="com.qa.opencart.tests.SearchResultPageTest" name="getProductCountTest" time="1.368"/>
  <system-out/>
  <testcase classname="com.qa.opencart.tests.SearchResultPageTest" name="getProductCountTest" time="1.582"/>
  <system-out/>
  <testcase classname="com.qa.opencart.tests.SearchResultPageTest" name="getProductCountTest" time="1.415"/>
  <system-out/>
</testsuite> <!-- com.qa.opencart.tests.SearchResultPageTest -->
