<?xml version="1.0" encoding="UTF-8"?>
<!-- Generated by org.testng.reporters.JUnitReportReporter -->
<testsuite hostname="DESKTOP-88V4A8K" failures="0" tests="3" name="com.qa.opencart.tests.RegistrationPageTest" time="13.255" errors="0" timestamp="2023-06-03T17:59:51 IST" skipped="0">
  <testcase classname="com.qa.opencart.tests.RegistrationPageTest" name="registerNewUser" time="4.985"/>
  <system-out/>
  <testcase classname="com.qa.opencart.tests.RegistrationPageTest" name="registerNewUser" time="4.144"/>
  <system-out/>
  <testcase classname="com.qa.opencart.tests.RegistrationPageTest" name="registerNewUser" time="4.126"/>
  <system-out/>
</testsuite> <!-- com.qa.opencart.tests.RegistrationPageTest -->
